<?xml version="1.0" encoding="UTF-8"?>
<testng-results skipped="0" failed="0" ignored="0" total="1" passed="1">
  <reporter-output>
  </reporter-output>
  <suite name="testCases.DemoTest" duration-ms="31858" started-at="2019-08-19T06:45:56Z" finished-at="2019-08-19T06:46:28Z">
    <groups>
    </groups>
    <test name="Command line test" duration-ms="31858" started-at="2019-08-19T06:45:56Z" finished-at="2019-08-19T06:46:28Z">
      <class name="testCases.DemoTest">
        <test-method status="PASS" signature="setUp()[pri:0, instance:testCases.DemoTest@68837a77]" name="setUp" is-config="true" duration-ms="19219" started-at="2019-08-19T06:45:56Z" finished-at="2019-08-19T06:46:15Z">
          <reporter-output>
          </reporter-output>
        </test-method> <!-- setUp -->
        <test-method status="PASS" signature="demo()[pri:0, instance:testCases.DemoTest@68837a77]" name="demo" duration-ms="12447" started-at="2019-08-19T06:46:15Z" finished-at="2019-08-19T06:46:28Z">
          <reporter-output>
          </reporter-output>
        </test-method> <!-- demo -->
        <test-method status="PASS" signature="tearDown()[pri:0, instance:testCases.DemoTest@68837a77]" name="tearDown" is-config="true" duration-ms="2" started-at="2019-08-19T06:46:28Z" finished-at="2019-08-19T06:46:28Z">
          <reporter-output>
          </reporter-output>
        </test-method> <!-- tearDown -->
      </class> <!-- testCases.DemoTest -->
    </test> <!-- Command line test -->
  </suite> <!-- testCases.DemoTest -->
</testng-results>
