<?xml version="1.0" encoding="UTF-8"?>
<testng-results skipped="0" failed="0" ignored="0" total="1" passed="1">
  <reporter-output>
  </reporter-output>
  <suite name="Suite" duration-ms="21874" started-at="2019-08-19T06:18:26Z" finished-at="2019-08-19T06:18:48Z">
    <groups>
    </groups>
    <test name="Test" duration-ms="21874" started-at="2019-08-19T06:18:26Z" finished-at="2019-08-19T06:18:48Z">
      <class name="testCases.DemoTest">
        <test-method status="PASS" signature="setUp()[pri:0, instance:testCases.DemoTest@6093dd95]" name="setUp" is-config="true" duration-ms="7308" started-at="2019-08-19T06:18:26Z" finished-at="2019-08-19T06:18:33Z">
          <reporter-output>
          </reporter-output>
        </test-method> <!-- setUp -->
        <test-method status="PASS" signature="demo()[pri:0, instance:testCases.DemoTest@6093dd95]" name="demo" duration-ms="14490" started-at="2019-08-19T06:18:33Z" finished-at="2019-08-19T06:18:48Z">
          <reporter-output>
          </reporter-output>
        </test-method> <!-- demo -->
        <test-method status="PASS" signature="tearDown()[pri:0, instance:testCases.DemoTest@6093dd95]" name="tearDown" is-config="true" duration-ms="1" started-at="2019-08-19T06:18:48Z" finished-at="2019-08-19T06:18:48Z">
          <reporter-output>
          </reporter-output>
        </test-method> <!-- tearDown -->
      </class> <!-- testCases.DemoTest -->
    </test> <!-- Test -->
  </suite> <!-- Suite -->
</testng-results>
